<?xml version="1.0" encoding="UTF-8"?>
<testsuite xmlns:xsi="http://www.w3.org/2001/XMLSchema-instance" xsi:noNamespaceSchemaLocation="https://maven.apache.org/surefire/maven-surefire-plugin/xsd/surefire-test-report-3.0.xsd" version="3.0" name="com.mycompany.sqa.BankAccountTest" time="0.138" tests="3" errors="0" skipped="0" failures="0">
  <properties>
[...]
</properties>
  <testcase name="testDepositBerhasil" classname="com.mycompany.sqa.BankAccountTest" time="0.088">
    <system-out><![CDATA[=== Setup: akun dibuat dengan saldo 1.000.000 ===
=== TearDown: saldo akhir = 1500000.0 ===

]]></system-out>
  </testcase>
  <testcase name="testWithdrawBerhasil" classname="com.mycompany.sqa.BankAccountTest" time="0.002">
    <system-out><![CDATA[=== Setup: akun dibuat dengan saldo 1.000.000 ===
=== TearDown: saldo akhir = 700000.0 ===

]]></system-out>
  </testcase>
  <testcase name="testWithdrawGagalSaldoTidakCukup" classname="com.mycompany.sqa.BankAccountTest" time="0.005">
    <system-out><![CDATA[=== Setup: akun dibuat dengan saldo 1.000.000 ===
Exception: Saldo tidak cukup! Saldo saat ini: 1000000.0
=== TearDown: saldo akhir = 1000000.0 ===

]]></system-out>
  </testcase>
</testsuite>